/Users/jessequinn/.pyenv/versions/3.7.0/lib/python3.7/site-packages/sklearn/ensemble/weight_boosting.py:29: DeprecationWarning: numpy.core.umath_tests is an internal NumPy module and should not be imported. It will be removed in a future NumPy release.
  from numpy.core.umath_tests import inner1d
[Parallel(n_jobs=-1)]: Done  34 tasks      | elapsed:    1.3s
[Parallel(n_jobs=-1)]: Done 184 tasks      | elapsed:    6.4s
[Parallel(n_jobs=-1)]: Done 434 tasks      | elapsed:   15.4s
[Parallel(n_jobs=-1)]: Done 784 tasks      | elapsed:   27.5s
[Parallel(n_jobs=-1)]: Done 1234 tasks      | elapsed:   42.0s
[Parallel(n_jobs=-1)]: Done 1784 tasks      | elapsed:  1.1min
[Parallel(n_jobs=-1)]: Done 2434 tasks      | elapsed:  1.7min
[Parallel(n_jobs=-1)]: Done 3184 tasks      | elapsed:  2.6min
[Parallel(n_jobs=-1)]: Done 4034 tasks      | elapsed:  4.7min
[Parallel(n_jobs=-1)]: Done 4984 tasks      | elapsed:  7.9min
[Parallel(n_jobs=-1)]: Done 6034 tasks      | elapsed: 14.7min
[Parallel(n_jobs=-1)]: Done 7184 tasks      | elapsed: 24.0min
[Parallel(n_jobs=-1)]: Done 8434 tasks      | elapsed: 32.0min
[Parallel(n_jobs=-1)]: Done 9784 tasks      | elapsed: 163.4min
[Parallel(n_jobs=-1)]: Done 11234 tasks      | elapsed: 394.1min
Traceback (most recent call last):
  File "example.py", line 223, in <module>
    blight_model()
  File "example.py", line 186, in blight_model
    grid.fit(X, y)
  File "/Users/jessequinn/.pyenv/versions/3.7.0/lib/python3.7/site-packages/sklearn/model_selection/_search.py", line 640, in fit
    cv.split(X, y, groups)))
  File "/Users/jessequinn/.pyenv/versions/3.7.0/lib/python3.7/site-packages/sklearn/externals/joblib/parallel.py", line 789, in __call__
    self.retrieve()
  File "/Users/jessequinn/.pyenv/versions/3.7.0/lib/python3.7/site-packages/sklearn/externals/joblib/parallel.py", line 699, in retrieve
    self._output.extend(job.get(timeout=self.timeout))
  File "/Users/jessequinn/.pyenv/versions/3.7.0/lib/python3.7/multiprocessing/pool.py", line 651, in get
    self.wait(timeout)
  File "/Users/jessequinn/.pyenv/versions/3.7.0/lib/python3.7/multiprocessing/pool.py", line 648, in wait
    self._event.wait(timeout)
  File "/Users/jessequinn/.pyenv/versions/3.7.0/lib/python3.7/threading.py", line 552, in wait
    signaled = self._cond.wait(timeout)
  File "/Users/jessequinn/.pyenv/versions/3.7.0/lib/python3.7/threading.py", line 296, in wait
    waiter.acquire()
KeyboardInterrupt
